<?xml version="1.0" encoding="UTF-8"?>
<!-- Generated by org.testng.reporters.JUnitReportReporter -->
<testsuite skipped="0" hostname="DESKTOP-8514C0N" name="Api_Automation.Cas4_Delete" tests="1" failures="0" timestamp="2020-06-02T14:54:19 IST" time="2.952" errors="0">
  <testcase name="removeMethod" time="2.952" classname="Api_Automation.Cas4_Delete"/>
  <system-out/>
</testsuite> <!-- Api_Automation.Cas4_Delete -->
