<?xml version="1.0" encoding="UTF-8"?>
<!-- Generated by org.testng.reporters.JUnitReportReporter -->
<testsuite skipped="0" hostname="DESKTOP-8514C0N" name="Api_Automation.Cas2_Post" tests="1" failures="0" timestamp="2020-06-02T14:50:15 IST" time="2.609" errors="0">
  <testcase name="RegistrationSucess" time="2.609" classname="Api_Automation.Cas2_Post"/>
  <system-out/>
</testsuite> <!-- Api_Automation.Cas2_Post -->
