<?xml version="1.0" encoding="UTF-8"?>
<!-- Generated by org.testng.reporters.JUnitReportReporter -->
<testsuite skipped="0" hostname="DESKTOP-8514C0N" name="Api_Automation.Cas3_Put" tests="1" failures="0" timestamp="2020-06-02T14:52:03 IST" time="2.817" errors="0">
  <testcase name="updateMethod" time="2.817" classname="Api_Automation.Cas3_Put"/>
  <system-out/>
</testsuite> <!-- Api_Automation.Cas3_Put -->
