<?xml version="1.0" encoding="UTF-8"?>
<!-- Generated by org.testng.reporters.JUnitReportReporter -->
<testsuite skipped="0" hostname="DESKTOP-8514C0N" name="Api_Automation.Cas1_Get" tests="1" failures="0" timestamp="2020-06-02T14:46:52 IST" time="4.452" errors="0">
  <testcase name="getweatherdetails" time="4.452" classname="Api_Automation.Cas1_Get"/>
  <system-out/>
</testsuite> <!-- Api_Automation.Cas1_Get -->
